<?xml version='1.0' encoding='UTF-8'?>
<testsuites>
  <testsuite name="sample_labels" package_name="bzt">
    <testcase classname="bzt-8732293754676" name="jmeter_add_comment:open_comment"/>
    <testcase classname="bzt-8732293754676" name="jmeter_add_comment:save_comment"/>
    <testcase classname="bzt-8732293754676" name="jmeter_browse_boards"/>
    <testcase classname="bzt-8732293754676" name="jmeter_browse_projects"/>
    <testcase classname="bzt-8732293754676" name="jmeter_create_issue:fill_and_submit_issue_form"/>
    <testcase classname="bzt-8732293754676" name="jmeter_create_issue:open_quick_create"/>
    <testcase classname="bzt-8732293754676" name="jmeter_edit_issue:open_editor">
      <error message="Number of samples in transaction : 6, number of failing samples : 1" type="Error">Number of samples in transaction : 6, number of failing samples : 1
(status code is 502)
(total errors of this type: 1)</error>
    </testcase>
    <testcase classname="bzt-8732293754676" name="jmeter_edit_issue:save_edit">
      <failure message="Test failed: text expected to contain /[AAFAIA-4907]/" type="Assertion Failure">Test failed: text expected to contain /[AAFAIA-4907]/
(status code is 200)
(total errors of this type: 1)</failure>
    </testcase>
    <testcase classname="bzt-8732293754676" name="jmeter_login_and_view_dashboard"/>
    <testcase classname="bzt-8732293754676" name="jmeter_search_jql"/>
    <testcase classname="bzt-8732293754676" name="jmeter_view_backlog"/>
    <testcase classname="bzt-8732293754676" name="jmeter_view_dashboard"/>
    <testcase classname="bzt-8732293754676" name="jmeter_view_issue"/>
    <testcase classname="bzt-8732293754676" name="jmeter_view_kanban_board"/>
    <testcase classname="bzt-8732293754676" name="jmeter_view_project_summary"/>
    <testcase classname="bzt-8732293754676" name="jmeter_view_scrum_board"/>
    <testcase classname="bzt-8732293754676" name="selenium_a_login"/>
    <testcase classname="bzt-8732293754676" name="selenium_browse_boards_list"/>
    <testcase classname="bzt-8732293754676" name="selenium_browse_projects_list"/>
    <testcase classname="bzt-8732293754676" name="selenium_create_issue"/>
    <testcase classname="bzt-8732293754676" name="selenium_edit_issue"/>
    <testcase classname="bzt-8732293754676" name="selenium_save_comment"/>
    <testcase classname="bzt-8732293754676" name="selenium_search_jql"/>
    <testcase classname="bzt-8732293754676" name="selenium_view_backlog_for_scrum_board"/>
    <testcase classname="bzt-8732293754676" name="selenium_view_dashboard"/>
    <testcase classname="bzt-8732293754676" name="selenium_view_issue"/>
    <testcase classname="bzt-8732293754676" name="selenium_view_kanban_board"/>
    <testcase classname="bzt-8732293754676" name="selenium_view_project_summary"/>
    <testcase classname="bzt-8732293754676" name="selenium_view_scrum_board"/>
    <testcase classname="bzt-8732293754676" name="selenium_z_log_out"/>
  </testsuite>
</testsuites>
